<?xml version="1.0" encoding="UTF-8"?>
<!-- Generated by org.testng.reporters.JUnitReportReporter -->
<testsuite hostname="LAPTOP-166GD89A" failures="0" tests="2" name="day43.pack.C3" time="0.002" errors="0" timestamp="2025-05-07T18:43:11 IST" skipped="0">
  <testcase classname="day43.pack.C3" name="pqr" time="0.001"/>
  <testcase classname="day43.pack.C3" name="pqr" time="0.001"/>
</testsuite> <!-- day43.pack.C3 -->
