<?xml version="1.0" encoding="UTF-8"?>
<!-- Generated by org.testng.reporters.JUnitReportReporter -->
<testsuite hostname="LAPTOP-166GD89A" failures="0" tests="2" name="day44.PaymentsTests" time="0.003" errors="0" timestamp="2025-05-08T12:51:04 IST" skipped="0">
  <testcase classname="day44.PaymentsTests" name="paymentsInRupees" time="0.001"/>
  <testcase classname="day44.PaymentsTests" name="paymentsInDollars" time="0.002"/>
</testsuite> <!-- day44.PaymentsTests -->
