<?xml version="1.0" encoding="UTF-8"?>
<!-- Generated by org.testng.reporters.JUnitReportReporter -->
<testsuite hostname="LAPTOP-166GD89A" failures="0" tests="3" name="day44.SignupTests" time="0.004" errors="0" timestamp="2025-05-08T12:51:04 IST" skipped="0">
  <testcase classname="day44.SignupTests" name="signupByGmail" time="0.001"/>
  <testcase classname="day44.SignupTests" name="signupByFb" time="0.002"/>
  <testcase classname="day44.SignupTests" name="signupByTwitter" time="0.001"/>
</testsuite> <!-- day44.SignupTests -->
