<?xml version="1.0" encoding="UTF-8"?>
<!-- Generated by org.testng.reporters.JUnitReportReporter -->
<testsuite hostname="LAPTOP-166GD89A" failures="0" tests="9" name="day45.ParamTest" time="9.152" errors="0" timestamp="2025-05-08T18:05:44 IST" skipped="0">
  <testcase classname="day45.ParamTest" name="testlogo" time="3.041"/>
  <testcase classname="day45.ParamTest" name="testlogo" time="3.030"/>
  <testcase classname="day45.ParamTest" name="testlogo" time="3.035"/>
  <testcase classname="day45.ParamTest" name="testTitle" time="0.013"/>
  <testcase classname="day45.ParamTest" name="testTitle" time="0.001"/>
  <testcase classname="day45.ParamTest" name="testTitle" time="0.016"/>
  <testcase classname="day45.ParamTest" name="testURL" time="0.008"/>
  <testcase classname="day45.ParamTest" name="testURL" time="0.006"/>
  <testcase classname="day45.ParamTest" name="testURL" time="0.002"/>
</testsuite> <!-- day45.ParamTest -->
