<?xml version="1.0" encoding="UTF-8"?>
<!-- Generated by org.testng.reporters.JUnitReportReporter -->
<testsuite hostname="LAPTOP-166GD89A" failures="0" tests="2" name="day45.TestNG_Dataproviders" time="22.178" errors="0" timestamp="2025-05-08T16:22:44 IST" skipped="0">
  <testcase classname="day45.TestNG_Dataproviders" name="testLogin" time="9.497"/>
  <testcase classname="day45.TestNG_Dataproviders" name="testLogin" time="12.681"/>
</testsuite> <!-- day45.TestNG_Dataproviders -->
