<?xml version="1.0" encoding="UTF-8"?>
<!-- Generated by org.testng.reporters.JUnitReportReporter -->
<testsuite hostname="LAPTOP-166GD89A" failures="0" tests="2" name="day43.All_Annotations" time="0.011" errors="0" timestamp="2025-05-07T19:56:51 IST" skipped="0">
  <testcase classname="day43.All_Annotations" name="tm2" time="0.003"/>
  <testcase classname="day43.All_Annotations" name="tm1" time="0.008"/>
</testsuite> <!-- day43.All_Annotations -->
