<?xml version="1.0" encoding="UTF-8"?>
<!-- Generated by org.testng.reporters.JUnitReportReporter -->
<testsuite hostname="LAPTOP-166GD89A" failures="0" tests="3" name="day44.LoginTest" time="0.014" errors="0" timestamp="2025-05-08T12:56:22 IST" skipped="0">
  <testcase classname="day44.LoginTest" name="loginByGmail" time="0.010"/>
  <testcase classname="day44.LoginTest" name="loginByFb" time="0.002"/>
  <testcase classname="day44.LoginTest" name="loginByTwitter" time="0.002"/>
</testsuite> <!-- day44.LoginTest -->
