<?xml version="1.0" encoding="UTF-8"?>
<!-- Generated by org.testng.reporters.JUnitReportReporter -->
<testsuite hostname="LAPTOP-166GD89A" failures="0" tests="2" name="day43.TestNG_Annotations2" time="0.009" errors="0" timestamp="2025-05-07T17:22:45 IST" skipped="0">
  <testcase classname="day43.TestNG_Annotations2" name="search" time="0.007"/>
  <testcase classname="day43.TestNG_Annotations2" name="advancedSearch" time="0.002"/>
</testsuite> <!-- day43.TestNG_Annotations2 -->
