<?xml version="1.0" encoding="UTF-8"?>
<!-- Generated by org.testng.reporters.JUnitReportReporter -->
<testsuite hostname="LAPTOP-166GD89A" failures="0" tests="1" name="day47.LoginTest" time="0.614" errors="0" timestamp="2025-05-14T17:38:31 IST" skipped="0">
  <testcase classname="day47.LoginTest" name="logintest" time="0.614"/>
</testsuite> <!-- day47.LoginTest -->
