<?xml version="1.0" encoding="UTF-8"?>
<!-- Generated by org.testng.reporters.JUnitReportReporter -->
<testsuite hostname="LAPTOP-166GD89A" failures="0" tests="3" name="day42.TestNG_FirstTC" time="0.011" errors="0" timestamp="2025-05-07T15:29:41 IST" skipped="0">
  <testcase classname="day42.TestNG_FirstTC" name="openApp" time="0.005"/>
  <testcase classname="day42.TestNG_FirstTC" name="login" time="0.002"/>
  <testcase classname="day42.TestNG_FirstTC" name="logout" time="0.004"/>
</testsuite> <!-- day42.TestNG_FirstTC -->
