<?xml version="1.0" encoding="UTF-8"?>
<!-- Generated by org.testng.reporters.JUnitReportReporter -->
<testsuite hostname="LAPTOP-166GD89A" failures="0" tests="2" name="day43.TestNG_Annotations" time="0.025" errors="0" timestamp="2025-05-07T17:08:32 IST" skipped="0">
  <testcase classname="day43.TestNG_Annotations" name="search" time="0.022"/>
  <testcase classname="day43.TestNG_Annotations" name="advancedSearch" time="0.003"/>
</testsuite> <!-- day43.TestNG_Annotations -->
