<?xml version="1.0" encoding="UTF-8"?>
<!-- Generated by org.testng.reporters.JUnitReportReporter -->
<testsuite hostname="LAPTOP-166GD89A" failures="0" tests="1" name="testCases.TC_001_AccountRegistrationTest" time="2.309" errors="0" timestamp="2025-05-17T16:05:05 IST" skipped="0">
  <testcase classname="testCases.TC_001_AccountRegistrationTest" name="verify_account_registration" time="2.309"/>
</testsuite> <!-- testCases.TC_001_AccountRegistrationTest -->
